#
# A fatal error has been detected by the Java Runtime Environment:
#
#  SIGSEGV (0xb) at pc=0x00007fa879b96783, pid=8843, tid=140361546282752
#
# JRE version: Java(TM) SE Runtime Environment (8.0_45-b14) (build 1.8.0_45-b14)
# Java VM: Java HotSpot(TM) 64-Bit Server VM (25.45-b02 mixed mode linux-amd64 compressed oops)
# Problematic frame:
# V  [libjvm.so+0x642783]  InstanceKlass::oop_follow_contents(ParCompactionManager*, oopDesc*)+0x4b3
#
# Failed to write core dump. Core dumps have been disabled. To enable core dumping, try "ulimit -c unlimited" before starting Java again
#
# If you would like to submit a bug report, please visit:
#   http://bugreport.java.com/bugreport/crash.jsp
#

---------------  T H R E A D  ---------------

Current thread (0x00007fa87401f000):  GCTaskThread [stack: 0x00007fa8780b3000,0x00007fa8781b4000] [id=8849]

siginfo: si_signo: 11 (SIGSEGV), si_code: 1 (SEGV_MAPERR), si_addr: 0x00000003c0000210

Registers:
RAX=0x00007fa87a4c43b0, RBX=0x00000007046f5330, RCX=0x0000000000000003, RDX=0x0000000000000001
RSP=0x00007fa8781b2960, RBP=0x00007fa8781b29c0, RSI=0x0000004000000000, RDI=0x00000003c0000208
R8 =0x00000007046f5328, R9 =0x0000100000000000, R10=0x0000000000000003, R11=0x00007fa87a4ed740
R12=0x00007fa87a4f1760, R13=0x00000007046f5324, R14=0x00007fa87407ba30, R15=0x00007fa87407ba30
RIP=0x00007fa879b96783, EFLAGS=0x0000000000010202, CSGSFS=0x0000000000000033, ERR=0x0000000000000004
  TRAPNO=0x000000000000000e

Top of Stack: (sp=0x00007fa8781b2960)
0x00007fa8781b2960:   00000007046f5358 00000007046f5318
0x00007fa8781b2970:   00000007c0001938 00000007c0001940
0x00007fa8781b2980:   00007fa87a4ac748 00007fa87407ba70
0x00007fa8781b2990:   0000000709bc67d8 00007fa87a4ed740
0x00007fa8781b29a0:   00007fa87407ba30 0000000000000000
0x00007fa8781b29b0:   00007fa87407ba30 00007fa87402db50
0x00007fa8781b29c0:   00007fa8781b2b50 00007fa879eb84d2
0x00007fa8781b29d0:   00007fa8781b2ab0 0000000709ba60e0
0x00007fa8781b29e0:   00007fa87407ba40 00007fa8781b2b00
0x00007fa8781b29f0:   00007fa8781b2ad0 00007fa8781b2ab0
0x00007fa8781b2a00:   00007fa8781b2aa0 00007fa8781b2a90
0x00007fa8781b2a10:   00007fa8781b2a80 00007fa8781b2a70
0x00007fa8781b2a20:   00007fa87a4e2259 00007fa87407baf0
0x00007fa8781b2a30:   0000000709ba50d0 000000070f93d438
0x00007fa8781b2a40:   00007fa87407ba70 00007fa8781b2af8
0x00007fa8781b2a50:   0000000000000400 0000000000000400
0x00007fa8781b2a60:   00007fa87407ba70 00007fa8781b2b18
0x00007fa8781b2a70:   00007fa8781b2b00 00007fa87a4e2259
0x00007fa8781b2a80:   00007fa87407c4a8 00007fa87407c480
0x00007fa8781b2a90:   0000000000000000 0000000000000000
0x00007fa8781b2aa0:   00007fa874020128 0000000000000000
0x00007fa8781b2ab0:   0000000000000000 00007fa800000000
0x00007fa8781b2ac0:   00007fa8781b2af0 00007fa879ec65ec
0x00007fa8781b2ad0:   0000000000000000 0000000000000012
0x00007fa8781b2ae0:   0000000100000000 0000000000000c00
0x00007fa8781b2af0:   0000000000000000 0000000000000000
0x00007fa8781b2b00:   0000005f00000260 00007fa874009800
0x00007fa8781b2b10:   0000006000000260 00000007046f5318
0x00007fa8781b2b20:   00007fa87407ba30 00007fa8781b2be0
0x00007fa8781b2b30:   00007fa87401f4e0 00007fa87401f520
0x00007fa8781b2b40:   00007fa87407ba30 00007fa87402db50
0x00007fa8781b2b50:   00007fa8781b2c30 00007fa879e9ef2e 

Instructions: (pc=0x00007fa879b96783)
0x00007fa879b96763:   00 e9 09 fd ff ff 0f 1f 80 00 00 00 00 48 8b 05
0x00007fa879b96773:   41 ed 90 00 8b 7b 08 8b 48 08 48 d3 e7 48 03 38
0x00007fa879b96783:   8b 77 08 83 fe 00 0f 8f 3e fe ff ff 74 6f 48 8b
0x00007fa879b96793:   05 10 1a 91 00 80 fa 01 48 19 d2 83 e2 04 48 63 

Register to memory mapping:

RAX=0x00007fa87a4c43b0: <offset 0xf703b0> in /usr/lib/jvm/java-8-oracle/jre/lib/amd64/server/libjvm.so at 0x00007fa879554000
RBX=
[error occurred during error reporting (printing register info), id 0xb]

Stack: [0x00007fa8780b3000,0x00007fa8781b4000],  sp=0x00007fa8781b2960,  free space=1022k
Native frames: (J=compiled Java code, j=interpreted, Vv=VM code, C=native code)
V  [libjvm.so+0x642783]  InstanceKlass::oop_follow_contents(ParCompactionManager*, oopDesc*)+0x4b3
V  [libjvm.so+0x9644d2]  ParCompactionManager::follow_marking_stacks()+0x232
V  [libjvm.so+0x94af2e]  ThreadRootsMarkingTask::do_it(GCTaskManager*, unsigned int)+0x12e
V  [libjvm.so+0x5cab7f]  GCTaskThread::run()+0x12f
V  [libjvm.so+0x910de8]  java_start(Thread*)+0x108


---------------  P R O C E S S  ---------------

Java Threads: ( => current thread )
  0x00007fa8740cb800 JavaThread "Service Thread" daemon [_thread_blocked, id=8867, stack(0x00007fa85beff000,0x00007fa85c000000)]
  0x00007fa8740c6800 JavaThread "C1 CompilerThread3" daemon [_thread_blocked, id=8866, stack(0x00007fa860036000,0x00007fa860137000)]
  0x00007fa8740c4800 JavaThread "C2 CompilerThread2" daemon [_thread_blocked, id=8865, stack(0x00007fa860137000,0x00007fa860238000)]
  0x00007fa8740c3000 JavaThread "C2 CompilerThread1" daemon [_thread_blocked, id=8864, stack(0x00007fa860238000,0x00007fa860339000)]
  0x00007fa8740c0000 JavaThread "C2 CompilerThread0" daemon [_thread_blocked, id=8863, stack(0x00007fa860339000,0x00007fa86043a000)]
  0x00007fa8740be800 JavaThread "Signal Dispatcher" daemon [_thread_blocked, id=8862, stack(0x00007fa86043a000,0x00007fa86053b000)]
  0x00007fa874086800 JavaThread "Finalizer" daemon [_thread_blocked, id=8860, stack(0x00007fa860c68000,0x00007fa860d69000)]
  0x00007fa874084800 JavaThread "Reference Handler" daemon [_thread_blocked, id=8859, stack(0x00007fa860d69000,0x00007fa860e6a000)]
  0x00007fa874009800 JavaThread "main" [_thread_blocked, id=8845, stack(0x00007fa87b01b000,0x00007fa87b11c000)]

Other Threads:
  0x00007fa87407f800 VMThread [stack: 0x00007fa860e6a000,0x00007fa860f6b000] [id=8858]
  0x00007fa8740ce000 WatcherThread [stack: 0x00007fa85bdfe000,0x00007fa85beff000] [id=8868]

=>0x00007fa87401f000 (exited) GCTaskThread [stack: 0x00007fa8780b3000,0x00007fa8781b4000] [id=8849]

VM state:at safepoint (normal execution)

VM Mutex/Monitor currently owned by a thread:  ([mutex/lock_event])
[0x00007fa874005ef0] Threads_lock - owner thread: 0x00007fa87407f800
[0x00007fa8740063f0] Heap_lock - owner thread: 0x00007fa874009800

Heap:
 PSYoungGen      total 104960K, used 7680K [0x0000000781780000, 0x000000078ab80000, 0x00000007c0000000)
  eden space 97280K, 0% used [0x0000000781780000,0x0000000781780000,0x0000000787680000)
  from space 7680K, 100% used [0x0000000787680000,0x0000000787e00000,0x0000000787e00000)
  to   space 7680K, 0% used [0x000000078a400000,0x000000078a400000,0x000000078ab80000)
 ParOldGen       total 235008K, used 184804K [0x0000000704600000, 0x0000000712b80000, 0x0000000781780000)
  object space 235008K, 78% used [0x0000000704600000,0x000000070fa79130,0x0000000712b80000)
 Metaspace       used 2605K, capacity 4552K, committed 4864K, reserved 1056768K
  class space    used 276K, capacity 388K, committed 512K, reserved 1048576K

Card table byte_map: [0x00007fa864662000,0x00007fa864c40000] byte_map_base: 0x00007fa860e3f000

Marking Bits: (ParMarkBitMap*) 0x00007fa87a4f1760
 Begin Bits: [0x00007fa836230000, 0x00007fa839118000)
 End Bits:   [0x00007fa839118000, 0x00007fa83c000000)

Polling page: 0x00007fa87b138000

CodeCache: size=245760Kb used=1345Kb max_used=1365Kb free=244414Kb
 bounds [0x00007fa865000000, 0x00007fa865270000, 0x00007fa874000000]
 total_blobs=356 nmethods=118 adapters=154
 compilation: enabled

Compilation events (10 events):
Event: 0.238 Thread 0x00007fa8740c6800  114       3       proyectoFinal.Reportes_201114430::llenarRepVentFec (121 bytes)
Event: 0.239 Thread 0x00007fa8740c4800  115 %     4       proyectoFinal.Reportes_201114430::buscarDescripcionProducto @ 8 (32 bytes)
Event: 0.239 Thread 0x00007fa8740c6800 nmethod 114 0x00007fa86514b750 code [0x00007fa86514ba00, 0x00007fa86514c928]
Event: 0.240 Thread 0x00007fa8740c4800 nmethod 115% 0x00007fa8651473d0 code [0x00007fa865147520, 0x00007fa8651475f8]
Event: 0.241 Thread 0x00007fa8740c4800  116 %     4       proyectoFinal.Reportes_201114430::buscarPrecioProducto @ 8 (32 bytes)
Event: 0.242 Thread 0x00007fa8740c4800 nmethod 116% 0x00007fa865147090 code [0x00007fa8651471e0, 0x00007fa8651472b8]
Event: 0.243 Thread 0x00007fa8740c6800  117 %     3       proyectoFinal.Reportes_201114430::llenarRepVentFec @ 34 (121 bytes)
Event: 0.244 Thread 0x00007fa8740c6800 nmethod 117% 0x00007fa865147ed0 code [0x00007fa865148160, 0x00007fa865148ec8]
Event: 0.253 Thread 0x00007fa8740c4800  118 %     4       proyectoFinal.Reportes_201114430::llenarRepVentFec @ 34 (121 bytes)
Event: 0.342 Thread 0x00007fa8740c4800 nmethod 118% 0x00007fa865151050 code [0x00007fa865151360, 0x00007fa865153850]

GC Heap History (9 events):
Event: 0.346 GC heap before
{Heap before GC invocations=1 (full 0):
 PSYoungGen      total 56320K, used 48640K [0x0000000781780000, 0x0000000785600000, 0x00000007c0000000)
  eden space 48640K, 100% used [0x0000000781780000,0x0000000784700000,0x0000000784700000)
  from space 7680K, 0% used [0x0000000784e80000,0x0000000784e80000,0x0000000785600000)
  to   space 7680K, 0% used [0x0000000784700000,0x0000000784700000,0x0000000784e80000)
 ParOldGen       total 128512K, used 0K [0x0000000704600000, 0x000000070c380000, 0x0000000781780000)
  object space 128512K, 0% used [0x0000000704600000,0x0000000704600000,0x000000070c380000)
 Metaspace       used 2605K, capacity 4552K, committed 4864K, reserved 1056768K
  class space    used 276K, capacity 388K, committed 512K, reserved 1048576K
Event: 0.475 GC heap after
Heap after GC invocations=1 (full 0):
 PSYoungGen      total 56320K, used 7648K [0x0000000781780000, 0x0000000788580000, 0x00000007c0000000)
  eden space 48640K, 0% used [0x0000000781780000,0x0000000781780000,0x0000000784700000)
  from space 7680K, 99% used [0x0000000784700000,0x0000000784e78020,0x0000000784e80000)
  to   space 7680K, 0% used [0x0000000787e00000,0x0000000787e00000,0x0000000788580000)
 ParOldGen       total 128512K, used 38712K [0x0000000704600000, 0x000000070c380000, 0x0000000781780000)
  object space 128512K, 30% used [0x0000000704600000,0x0000000706bce000,0x000000070c380000)
 Metaspace       used 2605K, capacity 4552K, committed 4864K, reserved 1056768K
  class space    used 276K, capacity 388K, committed 512K, reserved 1048576K
}
Event: 0.534 GC heap before
{Heap before GC invocations=2 (full 0):
 PSYoungGen      total 56320K, used 56288K [0x0000000781780000, 0x0000000788580000, 0x00000007c0000000)
  eden space 48640K, 100% used [0x0000000781780000,0x0000000784700000,0x0000000784700000)
  from space 7680K, 99% used [0x0000000784700000,0x0000000784e78020,0x0000000784e80000)
  to   space 7680K, 0% used [0x0000000787e00000,0x0000000787e00000,0x0000000788580000)
 ParOldGen       total 128512K, used 38712K [0x0000000704600000, 0x000000070c380000, 0x0000000781780000)
  object space 128512K, 30% used [0x0000000704600000,0x0000000706bce000,0x000000070c380000)
 Metaspace       used 2605K, capacity 4552K, committed 4864K, reserved 1056768K
  class space    used 276K, capacity 388K, committed 512K, reserved 1048576K
Event: 0.799 GC heap after
Heap after GC invocations=2 (full 0):
 PSYoungGen      total 104960K, used 7664K [0x0000000781780000, 0x0000000788580000, 0x00000007c0000000)
  eden space 97280K, 0% used [0x0000000781780000,0x0000000781780000,0x0000000787680000)
  from space 7680K, 99% used [0x0000000787e00000,0x000000078857c010,0x0000000788580000)
  to   space 7680K, 0% used [0x0000000787680000,0x0000000787680000,0x0000000787e00000)
 ParOldGen       total 128512K, used 87528K [0x0000000704600000, 0x000000070c380000, 0x0000000781780000)
  object space 128512K, 68% used [0x0000000704600000,0x0000000709b7a000,0x000000070c380000)
 Metaspace       used 2605K, capacity 4552K, committed 4864K, reserved 1056768K
  class space    used 276K, capacity 388K, committed 512K, reserved 1048576K
}
Event: 0.799 GC heap before
{Heap before GC invocations=3 (full 1):
 PSYoungGen      total 104960K, used 7664K [0x0000000781780000, 0x0000000788580000, 0x00000007c0000000)
  eden space 97280K, 0% used [0x0000000781780000,0x0000000781780000,0x0000000787680000)
  from space 7680K, 99% used [0x0000000787e00000,0x000000078857c010,0x0000000788580000)
  to   space 7680K, 0% used [0x0000000787680000,0x0000000787680000,0x0000000787e00000)
 ParOldGen       total 128512K, used 87528K [0x0000000704600000, 0x000000070c380000, 0x0000000781780000)
  object space 128512K, 68% used [0x0000000704600000,0x0000000709b7a000,0x000000070c380000)
 Metaspace       used 2605K, capacity 4552K, committed 4864K, reserved 1056768K
  class space    used 276K, capacity 388K, committed 512K, reserved 1048576K
Event: 4.280 GC heap after
Heap after GC invocations=3 (full 1):
 PSYoungGen      total 104960K, used 0K [0x0000000781780000, 0x0000000788580000, 0x00000007c0000000)
  eden space 97280K, 0% used [0x0000000781780000,0x0000000781780000,0x0000000787680000)
  from space 7680K, 0% used [0x0000000787e00000,0x0000000787e00000,0x0000000788580000)
  to   space 7680K, 0% used [0x0000000787680000,0x0000000787680000,0x0000000787e00000)
 ParOldGen       total 235008K, used 94828K [0x0000000704600000, 0x0000000712b80000, 0x0000000781780000)
  object space 235008K, 40% used [0x0000000704600000,0x000000070a29b130,0x0000000712b80000)
 Metaspace       used 2605K, capacity 4552K, committed 4864K, reserved 1056768K
  class space    used 276K, capacity 388K, committed 512K, reserved 1048576K
}
Event: 4.688 GC heap before
{Heap before GC invocations=4 (full 1):
 PSYoungGen      total 104960K, used 97280K [0x0000000781780000, 0x0000000788580000, 0x00000007c0000000)
  eden space 97280K, 100% used [0x0000000781780000,0x0000000787680000,0x0000000787680000)
  from space 7680K, 0% used [0x0000000787e00000,0x0000000787e00000,0x0000000788580000)
  to   space 7680K, 0% used [0x0000000787680000,0x0000000787680000,0x0000000787e00000)
 ParOldGen       total 235008K, used 94828K [0x0000000704600000, 0x0000000712b80000, 0x0000000781780000)
  object space 235008K, 40% used [0x0000000704600000,0x000000070a29b130,0x0000000712b80000)
 Metaspace       used 2605K, capacity 4552K, committed 4864K, reserved 1056768K
  class space    used 276K, capacity 388K, committed 512K, reserved 1048576K
Event: 5.115 GC heap after
Heap after GC invocations=4 (full 1):
 PSYoungGen      total 104960K, used 7680K [0x0000000781780000, 0x000000078ab80000, 0x00000007c0000000)
  eden space 97280K, 0% used [0x0000000781780000,0x0000000781780000,0x0000000787680000)
  from space 7680K, 100% used [0x0000000787680000,0x0000000787e00000,0x0000000787e00000)
  to   space 7680K, 0% used [0x000000078a400000,0x000000078a400000,0x000000078ab80000)
 ParOldGen       total 235008K, used 184804K [0x0000000704600000, 0x0000000712b80000, 0x0000000781780000)
  object space 235008K, 78% used [0x0000000704600000,0x000000070fa79130,0x0000000712b80000)
 Metaspace       used 2605K, capacity 4552K, committed 4864K, reserved 1056768K
  class space    used 276K, capacity 388K, committed 512K, reserved 1048576K
}
Event: 5.115 GC heap before
{Heap before GC invocations=5 (full 2):
 PSYoungGen      total 104960K, used 7680K [0x0000000781780000, 0x000000078ab80000, 0x00000007c0000000)
  eden space 97280K, 0% used [0x0000000781780000,0x0000000781780000,0x0000000787680000)
  from space 7680K, 100% used [0x0000000787680000,0x0000000787e00000,0x0000000787e00000)
  to   space 7680K, 0% used [0x000000078a400000,0x000000078a400000,0x000000078ab80000)
 ParOldGen       total 235008K, used 184804K [0x0000000704600000, 0x0000000712b80000, 0x0000000781780000)
  object space 235008K, 78% used [0x0000000704600000,0x000000070fa79130,0x0000000712b80000)
 Metaspace       used 2605K, capacity 4552K, committed 4864K, reserved 1056768K
  class space    used 276K, capacity 388K, committed 512K, reserved 1048576K

Deoptimization events (0 events):
No events

Internal exceptions (2 events):
Event: 0.056 Thread 0x00007fa874009800 Exception <a 'java/lang/NoSuchMethodError': Method sun.misc.Unsafe.defineClass(Ljava/lang/String;[BII)Ljava/lang/Class; name or signature does not match> (0x0000000781792a38) thrown at [/RE-WORK/workspace/8-2-build-linux-amd64/jdk8u45/3457/hotspot/src/sha
Event: 0.056 Thread 0x00007fa874009800 Exception <a 'java/lang/NoSuchMethodError': Method sun.misc.Unsafe.prefetchRead(Ljava/lang/Object;J)V name or signature does not match> (0x0000000781792cc8) thrown at [/RE-WORK/workspace/8-2-build-linux-amd64/jdk8u45/3457/hotspot/src/share/vm/prims/jni.cp

Events (10 events):
Event: 0.240 Thread 0x00007fa874009800 DEOPT UNPACKING pc=0x00007fa865047233 sp=0x00007fa87b11a530 mode 0
Event: 0.242 Thread 0x00007fa874009800 DEOPT PACKING pc=0x00007fa86514a9b6 sp=0x00007fa87b11a7a0
Event: 0.242 Thread 0x00007fa874009800 DEOPT UNPACKING pc=0x00007fa865047233 sp=0x00007fa87b11a530 mode 0
Event: 0.343 Thread 0x00007fa874009800 DEOPT PACKING pc=0x00007fa865148d14 sp=0x00007fa87b11a7a0
Event: 0.343 Thread 0x00007fa874009800 DEOPT UNPACKING pc=0x00007fa865047233 sp=0x00007fa87b11a5a8 mode 0
Event: 0.346 Executing VM operation: ParallelGCFailedAllocation
Event: 0.475 Executing VM operation: ParallelGCFailedAllocation done
Event: 0.534 Executing VM operation: ParallelGCFailedAllocation
Event: 4.280 Executing VM operation: ParallelGCFailedAllocation done
Event: 4.688 Executing VM operation: ParallelGCFailedAllocation


Dynamic libraries:
00400000-00401000 r-xp 00000000 08:05 538744                             /usr/lib/jvm/java-8-oracle/bin/java
00600000-00601000 rw-p 00000000 08:05 538744                             /usr/lib/jvm/java-8-oracle/bin/java
012fd000-0131e000 rw-p 00000000 00:00 0                                  [heap]
704600000-712b80000 rw-p 00000000 00:00 0 
712b80000-781780000 ---p 00000000 00:00 0 
781780000-78ab80000 rw-p 00000000 00:00 0 
78ab80000-7c0000000 ---p 00000000 00:00 0 
7c0000000-7c0080000 rw-p 00000000 00:00 0 
7c0080000-800000000 ---p 00000000 00:00 0 
7fa808000000-7fa808021000 rw-p 00000000 00:00 0 
7fa808021000-7fa80c000000 ---p 00000000 00:00 0 
7fa810000000-7fa810171000 rw-p 00000000 00:00 0 
7fa810171000-7fa814000000 ---p 00000000 00:00 0 
7fa814000000-7fa814021000 rw-p 00000000 00:00 0 
7fa814021000-7fa818000000 ---p 00000000 00:00 0 
7fa818000000-7fa81807e000 rw-p 00000000 00:00 0 
7fa81807e000-7fa81c000000 ---p 00000000 00:00 0 
7fa81c000000-7fa81c27b000 rw-p 00000000 00:00 0 
7fa81c27b000-7fa820000000 ---p 00000000 00:00 0 
7fa820000000-7fa820021000 rw-p 00000000 00:00 0 
7fa820021000-7fa824000000 ---p 00000000 00:00 0 
7fa824000000-7fa824067000 rw-p 00000000 00:00 0 
7fa824067000-7fa828000000 ---p 00000000 00:00 0 
7fa828000000-7fa828021000 rw-p 00000000 00:00 0 
7fa828021000-7fa82c000000 ---p 00000000 00:00 0 
7fa82c000000-7fa82c021000 rw-p 00000000 00:00 0 
7fa82c021000-7fa830000000 ---p 00000000 00:00 0 
7fa830000000-7fa830021000 rw-p 00000000 00:00 0 
7fa830021000-7fa834000000 ---p 00000000 00:00 0 
7fa836230000-7fa83c000000 rw-p 00000000 00:00 0 
7fa83c000000-7fa83c021000 rw-p 00000000 00:00 0 
7fa83c021000-7fa840000000 ---p 00000000 00:00 0 
7fa840000000-7fa840021000 rw-p 00000000 00:00 0 
7fa840021000-7fa844000000 ---p 00000000 00:00 0 
7fa844000000-7fa844021000 rw-p 00000000 00:00 0 
7fa844021000-7fa848000000 ---p 00000000 00:00 0 
7fa848000000-7fa848021000 rw-p 00000000 00:00 0 
7fa848021000-7fa84c000000 ---p 00000000 00:00 0 
7fa84c000000-7fa84c021000 rw-p 00000000 00:00 0 
7fa84c021000-7fa850000000 ---p 00000000 00:00 0 
7fa850000000-7fa850021000 rw-p 00000000 00:00 0 
7fa850021000-7fa854000000 ---p 00000000 00:00 0 
7fa854000000-7fa854021000 rw-p 00000000 00:00 0 
7fa854021000-7fa858000000 ---p 00000000 00:00 0 
7fa85bb7a000-7fa85bdfe000 rw-p 00000000 00:00 0 
7fa85bdfe000-7fa85bdff000 ---p 00000000 00:00 0 
7fa85bdff000-7fa85beff000 rw-p 00000000 00:00 0                          [stack:8868]
7fa85beff000-7fa85bf02000 ---p 00000000 00:00 0 
7fa85bf02000-7fa85c000000 rw-p 00000000 00:00 0                          [stack:8867]
7fa85c000000-7fa85c021000 rw-p 00000000 00:00 0 
7fa85c021000-7fa860000000 ---p 00000000 00:00 0 
7fa860036000-7fa860039000 ---p 00000000 00:00 0 
7fa860039000-7fa860137000 rw-p 00000000 00:00 0                          [stack:8866]
7fa860137000-7fa86013a000 ---p 00000000 00:00 0 
7fa86013a000-7fa860238000 rw-p 00000000 00:00 0                          [stack:8865]
7fa860238000-7fa86023b000 ---p 00000000 00:00 0 
7fa86023b000-7fa860339000 rw-p 00000000 00:00 0                          [stack:8864]
7fa860339000-7fa86033c000 ---p 00000000 00:00 0 
7fa86033c000-7fa86043a000 rw-p 00000000 00:00 0                          [stack:8863]
7fa86043a000-7fa86043d000 ---p 00000000 00:00 0 
7fa86043d000-7fa86053b000 rw-p 00000000 00:00 0                          [stack:8862]
7fa86053b000-7fa860c68000 r--p 00000000 08:05 401645                     /usr/lib/locale/locale-archive
7fa860c68000-7fa860c6b000 ---p 00000000 00:00 0 
7fa860c6b000-7fa860d69000 rw-p 00000000 00:00 0                          [stack:8860]
7fa860d69000-7fa860d6c000 ---p 00000000 00:00 0 
7fa860d6c000-7fa860e6a000 rw-p 00000000 00:00 0                          [stack:8859]
7fa860e6a000-7fa860e6b000 ---p 00000000 00:00 0 
7fa860e6b000-7fa862bbc000 rw-p 00000000 00:00 0                          [stack:8858]
7fa862bbc000-7fa862d95000 r--s 03d09000 08:05 538857                     /usr/lib/jvm/java-8-oracle/jre/lib/rt.jar
7fa862d95000-7fa8631d5000 rw-p 00000000 00:00 0 
7fa8631d5000-7fa863595000 ---p 00000000 00:00 0 
7fa863595000-7fa863b72000 rw-p 00000000 00:00 0 
7fa863b72000-7fa863b73000 ---p 00000000 00:00 0 
7fa863b73000-7fa863c73000 rw-p 00000000 00:00 0                          [stack:8856]
7fa863c73000-7fa863c74000 ---p 00000000 00:00 0 
7fa863c74000-7fa863d74000 rw-p 00000000 00:00 0                          [stack:8855]
7fa863d74000-7fa863d75000 ---p 00000000 00:00 0 
7fa863d75000-7fa863e75000 rw-p 00000000 00:00 0                          [stack:8854]
7fa863e75000-7fa863e76000 ---p 00000000 00:00 0 
7fa863e76000-7fa863f76000 rw-p 00000000 00:00 0                          [stack:8853]
7fa863f76000-7fa863f77000 ---p 00000000 00:00 0 
7fa863f77000-7fa864077000 rw-p 00000000 00:00 0                          [stack:8852]
7fa864077000-7fa864078000 ---p 00000000 00:00 0 
7fa864078000-7fa864178000 rw-p 00000000 00:00 0                          [stack:8851]
7fa864178000-7fa864179000 ---p 00000000 00:00 0 
7fa864179000-7fa8642ec000 rw-p 00000000 00:00 0                          [stack:8850]
7fa8642ec000-7fa864662000 ---p 00000000 00:00 0 
7fa864662000-7fa8646d5000 rw-p 00000000 00:00 0 
7fa8646d5000-7fa864a4a000 ---p 00000000 00:00 0 
7fa864a4a000-7fa864a95000 rw-p 00000000 00:00 0 
7fa864a95000-7fa864c3f000 ---p 00000000 00:00 0 
7fa864c3f000-7fa864c4a000 rw-p 00000000 00:00 0 
7fa864c4a000-7fa865000000 ---p 00000000 00:00 0 
7fa865000000-7fa865270000 rwxp 00000000 00:00 0 
7fa865270000-7fa874000000 ---p 00000000 00:00 0 
7fa874000000-7fa8740f6000 rw-p 00000000 00:00 0 
7fa8740f6000-7fa878000000 ---p 00000000 00:00 0 
7fa87801c000-7fa8780b3000 rw-p 00000000 00:00 0 
7fa8780b3000-7fa8780b4000 ---p 00000000 00:00 0 
7fa8780b4000-7fa8781b4000 rw-p 00000000 00:00 0                          [stack:8849]
7fa8781b4000-7fa8781ce000 r-xp 00000000 08:05 538899                     /usr/lib/jvm/java-8-oracle/jre/lib/amd64/libzip.so
7fa8781ce000-7fa8783ce000 ---p 0001a000 08:05 538899                     /usr/lib/jvm/java-8-oracle/jre/lib/amd64/libzip.so
7fa8783ce000-7fa8783cf000 rw-p 0001a000 08:05 538899                     /usr/lib/jvm/java-8-oracle/jre/lib/amd64/libzip.so
7fa8783cf000-7fa8783da000 r-xp 00000000 08:05 1449153                    /lib/x86_64-linux-gnu/libnss_files-2.19.so
7fa8783da000-7fa8785d9000 ---p 0000b000 08:05 1449153                    /lib/x86_64-linux-gnu/libnss_files-2.19.so
7fa8785d9000-7fa8785da000 r--p 0000a000 08:05 1449153                    /lib/x86_64-linux-gnu/libnss_files-2.19.so
7fa8785da000-7fa8785db000 rw-p 0000b000 08:05 1449153                    /lib/x86_64-linux-gnu/libnss_files-2.19.so
7fa8785db000-7fa8785e6000 r-xp 00000000 08:05 1449182                    /lib/x86_64-linux-gnu/libnss_nis-2.19.so
7fa8785e6000-7fa8787e5000 ---p 0000b000 08:05 1449182                    /lib/x86_64-linux-gnu/libnss_nis-2.19.so
7fa8787e5000-7fa8787e6000 r--p 0000a000 08:05 1449182                    /lib/x86_64-linux-gnu/libnss_nis-2.19.so
7fa8787e6000-7fa8787e7000 rw-p 0000b000 08:05 1449182                    /lib/x86_64-linux-gnu/libnss_nis-2.19.so
7fa8787e7000-7fa8787fe000 r-xp 00000000 08:05 1449171                    /lib/x86_64-linux-gnu/libnsl-2.19.so
7fa8787fe000-7fa8789fd000 ---p 00017000 08:05 1449171                    /lib/x86_64-linux-gnu/libnsl-2.19.so
7fa8789fd000-7fa8789fe000 r--p 00016000 08:05 1449171                    /lib/x86_64-linux-gnu/libnsl-2.19.so
7fa8789fe000-7fa8789ff000 rw-p 00017000 08:05 1449171                    /lib/x86_64-linux-gnu/libnsl-2.19.so
7fa8789ff000-7fa878a01000 rw-p 00000000 00:00 0 
7fa878a01000-7fa878a0a000 r-xp 00000000 08:05 1449170                    /lib/x86_64-linux-gnu/libnss_compat-2.19.so
7fa878a0a000-7fa878c09000 ---p 00009000 08:05 1449170                    /lib/x86_64-linux-gnu/libnss_compat-2.19.so
7fa878c09000-7fa878c0a000 r--p 00008000 08:05 1449170                    /lib/x86_64-linux-gnu/libnss_compat-2.19.so
7fa878c0a000-7fa878c0b000 rw-p 00009000 08:05 1449170                    /lib/x86_64-linux-gnu/libnss_compat-2.19.so
7fa878c0b000-7fa878c35000 r-xp 00000000 08:05 538943                     /usr/lib/jvm/java-8-oracle/jre/lib/amd64/libjava.so
7fa878c35000-7fa878e35000 ---p 0002a000 08:05 538943                     /usr/lib/jvm/java-8-oracle/jre/lib/amd64/libjava.so
7fa878e35000-7fa878e37000 rw-p 0002a000 08:05 538943                     /usr/lib/jvm/java-8-oracle/jre/lib/amd64/libjava.so
7fa878e37000-7fa878e44000 r-xp 00000000 08:05 538902                     /usr/lib/jvm/java-8-oracle/jre/lib/amd64/libverify.so
7fa878e44000-7fa879044000 ---p 0000d000 08:05 538902                     /usr/lib/jvm/java-8-oracle/jre/lib/amd64/libverify.so
7fa879044000-7fa879046000 rw-p 0000d000 08:05 538902                     /usr/lib/jvm/java-8-oracle/jre/lib/amd64/libverify.so
7fa879046000-7fa87904d000 r-xp 00000000 08:05 1449179                    /lib/x86_64-linux-gnu/librt-2.19.so
7fa87904d000-7fa87924c000 ---p 00007000 08:05 1449179                    /lib/x86_64-linux-gnu/librt-2.19.so
7fa87924c000-7fa87924d000 r--p 00006000 08:05 1449179                    /lib/x86_64-linux-gnu/librt-2.19.so
7fa87924d000-7fa87924e000 rw-p 00007000 08:05 1449179                    /lib/x86_64-linux-gnu/librt-2.19.so
7fa87924e000-7fa879353000 r-xp 00000000 08:05 1449151                    /lib/x86_64-linux-gnu/libm-2.19.so
7fa879353000-7fa879552000 ---p 00105000 08:05 1449151                    /lib/x86_64-linux-gnu/libm-2.19.so
7fa879552000-7fa879553000 r--p 00104000 08:05 1449151                    /lib/x86_64-linux-gnu/libm-2.19.so
7fa879553000-7fa879554000 rw-p 00105000 08:05 1449151                    /lib/x86_64-linux-gnu/libm-2.19.so
7fa879554000-7fa87a202000 r-xp 00000000 08:05 538936                     /usr/lib/jvm/java-8-oracle/jre/lib/amd64/server/libjvm.so
7fa87a202000-7fa87a401000 ---p 00cae000 08:05 538936                     /usr/lib/jvm/java-8-oracle/jre/lib/amd64/server/libjvm.so
7fa87a401000-7fa87a4d8000 rw-p 00cad000 08:05 538936                     /usr/lib/jvm/java-8-oracle/jre/lib/amd64/server/libjvm.so
7fa87a4d8000-7fa87a51c000 rw-p 00000000 00:00 0 
7fa87a51c000-7fa87a6d7000 r-xp 00000000 08:05 1449176                    /lib/x86_64-linux-gnu/libc-2.19.so
7fa87a6d7000-7fa87a8d6000 ---p 001bb000 08:05 1449176                    /lib/x86_64-linux-gnu/libc-2.19.so
7fa87a8d6000-7fa87a8da000 r--p 001ba000 08:05 1449176                    /lib/x86_64-linux-gnu/libc-2.19.so
7fa87a8da000-7fa87a8dc000 rw-p 001be000 08:05 1449176                    /lib/x86_64-linux-gnu/libc-2.19.so
7fa87a8dc000-7fa87a8e1000 rw-p 00000000 00:00 0 
7fa87a8e1000-7fa87a8e4000 r-xp 00000000 08:05 1449165                    /lib/x86_64-linux-gnu/libdl-2.19.so
7fa87a8e4000-7fa87aae3000 ---p 00003000 08:05 1449165                    /lib/x86_64-linux-gnu/libdl-2.19.so
7fa87aae3000-7fa87aae4000 r--p 00002000 08:05 1449165                    /lib/x86_64-linux-gnu/libdl-2.19.so
7fa87aae4000-7fa87aae5000 rw-p 00003000 08:05 1449165                    /lib/x86_64-linux-gnu/libdl-2.19.so
7fa87aae5000-7fa87aafa000 r-xp 00000000 08:05 538602                     /usr/lib/jvm/java-8-oracle/lib/amd64/jli/libjli.so
7fa87aafa000-7fa87acfa000 ---p 00015000 08:05 538602                     /usr/lib/jvm/java-8-oracle/lib/amd64/jli/libjli.so
7fa87acfa000-7fa87acfb000 rw-p 00015000 08:05 538602                     /usr/lib/jvm/java-8-oracle/lib/amd64/jli/libjli.so
7fa87acfb000-7fa87ad14000 r-xp 00000000 08:05 1449177                    /lib/x86_64-linux-gnu/libpthread-2.19.so
7fa87ad14000-7fa87af13000 ---p 00019000 08:05 1449177                    /lib/x86_64-linux-gnu/libpthread-2.19.so
7fa87af13000-7fa87af14000 r--p 00018000 08:05 1449177                    /lib/x86_64-linux-gnu/libpthread-2.19.so
7fa87af14000-7fa87af15000 rw-p 00019000 08:05 1449177                    /lib/x86_64-linux-gnu/libpthread-2.19.so
7fa87af15000-7fa87af19000 rw-p 00000000 00:00 0 
7fa87af19000-7fa87af3c000 r-xp 00000000 08:05 1449173                    /lib/x86_64-linux-gnu/ld-2.19.so
7fa87af3c000-7fa87b01b000 rw-p 00000000 00:00 0 
7fa87b01b000-7fa87b01e000 ---p 00000000 00:00 0 
7fa87b01e000-7fa87b120000 rw-p 00000000 00:00 0                          [stack:8845]
7fa87b12e000-7fa87b12f000 rw-p 00000000 00:00 0 
7fa87b12f000-7fa87b137000 rw-s 00000000 08:05 262520                     /tmp/hsperfdata_juandelcid/8843
7fa87b137000-7fa87b138000 rw-p 00000000 00:00 0 
7fa87b138000-7fa87b139000 ---p 00000000 00:00 0 
7fa87b139000-7fa87b13b000 rw-p 00000000 00:00 0 
7fa87b13b000-7fa87b13c000 r--p 00022000 08:05 1449173                    /lib/x86_64-linux-gnu/ld-2.19.so
7fa87b13c000-7fa87b13d000 rw-p 00023000 08:05 1449173                    /lib/x86_64-linux-gnu/ld-2.19.so
7fa87b13d000-7fa87b13e000 rw-p 00000000 00:00 0 
7ffe5d8ad000-7ffe5d8ce000 rw-p 00000000 00:00 0                          [stack]
7ffe5d9c7000-7ffe5d9c9000 r-xp 00000000 00:00 0                          [vdso]
ffffffffff600000-ffffffffff601000 r-xp 00000000 00:00 0                  [vsyscall]

VM Arguments:
jvm_args: -Dfile.encoding=UTF-8 
java_command: proyectoFinal.Reportes_201114430
java_class_path (initial): /home/juandelcid/Dropbox/Proyecto de IPC1/Eclipse/ProyectoFinal/bin
Launcher Type: SUN_STANDARD

Environment Variables:
PATH=/usr/local/sbin:/usr/local/bin:/usr/sbin:/usr/bin:/sbin:/bin:/usr/games:/usr/local/games
SHELL=/bin/bash
DISPLAY=:0

Signal Handlers:
SIGSEGV: [libjvm.so+0xaad1e0], sa_mask[0]=11111111011111111101111111111110, sa_flags=SA_RESTART|SA_SIGINFO
SIGBUS: [libjvm.so+0xaad1e0], sa_mask[0]=11111111011111111101111111111110, sa_flags=SA_RESTART|SA_SIGINFO
SIGFPE: [libjvm.so+0x90b450], sa_mask[0]=11111111011111111101111111111110, sa_flags=SA_RESTART|SA_SIGINFO
SIGPIPE: [libjvm.so+0x90b450], sa_mask[0]=11111111011111111101111111111110, sa_flags=SA_RESTART|SA_SIGINFO
SIGXFSZ: [libjvm.so+0x90b450], sa_mask[0]=11111111011111111101111111111110, sa_flags=SA_RESTART|SA_SIGINFO
SIGILL: [libjvm.so+0x90b450], sa_mask[0]=11111111011111111101111111111110, sa_flags=SA_RESTART|SA_SIGINFO
SIGUSR1: SIG_DFL, sa_mask[0]=00000000000000000000000000000000, sa_flags=none
SIGUSR2: [libjvm.so+0x90ca90], sa_mask[0]=00100000000000000000000000000000, sa_flags=SA_RESTART|SA_SIGINFO
SIGHUP: [libjvm.so+0x90dde0], sa_mask[0]=11111111011111111101111111111110, sa_flags=SA_RESTART|SA_SIGINFO
SIGINT: SIG_IGN, sa_mask[0]=00000000000000000000000000000000, sa_flags=none
SIGTERM: [libjvm.so+0x90dde0], sa_mask[0]=11111111011111111101111111111110, sa_flags=SA_RESTART|SA_SIGINFO
SIGQUIT: [libjvm.so+0x90dde0], sa_mask[0]=11111111011111111101111111111110, sa_flags=SA_RESTART|SA_SIGINFO


---------------  S Y S T E M  ---------------

OS:DISTRIB_ID=Ubuntu
DISTRIB_RELEASE=14.04
DISTRIB_CODENAME=trusty
DISTRIB_DESCRIPTION="Ubuntu 14.04.2 LTS"

uname:Linux 3.13.0-52-generic #86-Ubuntu SMP Mon May 4 04:32:59 UTC 2015 x86_64
libc:glibc 2.19 NPTL 2.19 
rlimit: STACK 8192k, CORE 0k, NPROC 95889, NOFILE 4096, AS infinity
load average:3.76 1.79 1.37

/proc/meminfo:
MemTotal:       12295604 kB
MemFree:         6527528 kB
Buffers:          147880 kB
Cached:          1062492 kB
SwapCached:            0 kB
Active:          4616984 kB
Inactive:         723744 kB
Active(anon):    4131596 kB
Inactive(anon):    27524 kB
Active(file):     485388 kB
Inactive(file):   696220 kB
Unevictable:         148 kB
Mlocked:             148 kB
SwapTotal:        501756 kB
SwapFree:         501756 kB
Dirty:               476 kB
Writeback:             0 kB
AnonPages:       4132720 kB
Mapped:           248620 kB
Shmem:             28776 kB
Slab:             126632 kB
SReclaimable:      82332 kB
SUnreclaim:        44300 kB
KernelStack:        6800 kB
PageTables:        46152 kB
NFS_Unstable:          0 kB
Bounce:                0 kB
WritebackTmp:          0 kB
CommitLimit:     6649556 kB
Committed_AS:   10106864 kB
VmallocTotal:   34359738367 kB
VmallocUsed:      314084 kB
VmallocChunk:   34359408636 kB
HardwareCorrupted:     0 kB
AnonHugePages:   3008512 kB
HugePages_Total:       0
HugePages_Free:        0
HugePages_Rsvd:        0
HugePages_Surp:        0
Hugepagesize:       2048 kB
DirectMap4k:       77312 kB
DirectMap2M:    12496896 kB


CPU:total 8 (4 cores per cpu, 2 threads per core) family 6 model 26 stepping 5, cmov, cx8, fxsr, mmx, sse, sse2, sse3, ssse3, sse4.1, sse4.2, popcnt, ht, tsc, tscinvbit, tscinv

/proc/cpuinfo:
processor	: 0
vendor_id	: GenuineIntel
cpu family	: 6
model		: 26
model name	: Intel(R) Xeon(R) CPU           W3570  @ 3.20GHz
stepping	: 5
microcode	: 0xf
cpu MHz		: 3201.000
cache size	: 8192 KB
physical id	: 0
siblings	: 8
core id		: 0
cpu cores	: 4
apicid		: 0
initial apicid	: 0
fpu		: yes
fpu_exception	: yes
cpuid level	: 11
wp		: yes
flags		: fpu vme de pse tsc msr pae mce cx8 apic sep mtrr pge mca cmov pat pse36 clflush dts acpi mmx fxsr sse sse2 ss ht tm pbe syscall nx rdtscp lm constant_tsc arch_perfmon pebs bts rep_good nopl xtopology nonstop_tsc aperfmperf pni dtes64 monitor ds_cpl vmx est tm2 ssse3 cx16 xtpr pdcm dca sse4_1 sse4_2 popcnt lahf_lm ida dtherm tpr_shadow vnmi flexpriority ept vpid
bogomips	: 6414.43
clflush size	: 64
cache_alignment	: 64
address sizes	: 36 bits physical, 48 bits virtual
power management:

processor	: 1
vendor_id	: GenuineIntel
cpu family	: 6
model		: 26
model name	: Intel(R) Xeon(R) CPU           W3570  @ 3.20GHz
stepping	: 5
microcode	: 0xf
cpu MHz		: 3201.000
cache size	: 8192 KB
physical id	: 0
siblings	: 8
core id		: 1
cpu cores	: 4
apicid		: 2
initial apicid	: 2
fpu		: yes
fpu_exception	: yes
cpuid level	: 11
wp		: yes
flags		: fpu vme de pse tsc msr pae mce cx8 apic sep mtrr pge mca cmov pat pse36 clflush dts acpi mmx fxsr sse sse2 ss ht tm pbe syscall nx rdtscp lm constant_tsc arch_perfmon pebs bts rep_good nopl xtopology nonstop_tsc aperfmperf pni dtes64 monitor ds_cpl vmx est tm2 ssse3 cx16 xtpr pdcm dca sse4_1 sse4_2 popcnt lahf_lm ida dtherm tpr_shadow vnmi flexpriority ept vpid
bogomips	: 6414.43
clflush size	: 64
cache_alignment	: 64
address sizes	: 36 bits physical, 48 bits virtual
power management:

processor	: 2
vendor_id	: GenuineIntel
cpu family	: 6
model		: 26
model name	: Intel(R) Xeon(R) CPU           W3570  @ 3.20GHz
stepping	: 5
microcode	: 0xf
cpu MHz		: 3201.000
cache size	: 8192 KB
physical id	: 0
siblings	: 8
core id		: 2
cpu cores	: 4
apicid		: 4
initial apicid	: 4
fpu		: yes
fpu_exception	: yes
cpuid level	: 11
wp		: yes
flags		: fpu vme de pse tsc msr pae mce cx8 apic sep mtrr pge mca cmov pat pse36 clflush dts acpi mmx fxsr sse sse2 ss ht tm pbe syscall nx rdtscp lm constant_tsc arch_perfmon pebs bts rep_good nopl xtopology nonstop_tsc aperfmperf pni dtes64 monitor ds_cpl vmx est tm2 ssse3 cx16 xtpr pdcm dca sse4_1 sse4_2 popcnt lahf_lm ida dtherm tpr_shadow vnmi flexpriority ept vpid
bogomips	: 6414.43
clflush size	: 64
cache_alignment	: 64
address sizes	: 36 bits physical, 48 bits virtual
power management:

processor	: 3
vendor_id	: GenuineIntel
cpu family	: 6
model		: 26
model name	: Intel(R) Xeon(R) CPU           W3570  @ 3.20GHz
stepping	: 5
microcode	: 0xf
cpu MHz		: 3201.000
cache size	: 8192 KB
physical id	: 0
siblings	: 8
core id		: 3
cpu cores	: 4
apicid		: 6
initial apicid	: 6
fpu		: yes
fpu_exception	: yes
cpuid level	: 11
wp		: yes
flags		: fpu vme de pse tsc msr pae mce cx8 apic sep mtrr pge mca cmov pat pse36 clflush dts acpi mmx fxsr sse sse2 ss ht tm pbe syscall nx rdtscp lm constant_tsc arch_perfmon pebs bts rep_good nopl xtopology nonstop_tsc aperfmperf pni dtes64 monitor ds_cpl vmx est tm2 ssse3 cx16 xtpr pdcm dca sse4_1 sse4_2 popcnt lahf_lm ida dtherm tpr_shadow vnmi flexpriority ept vpid
bogomips	: 6414.43
clflush size	: 64
cache_alignment	: 64
address sizes	: 36 bits physical, 48 bits virtual
power management:

processor	: 4
vendor_id	: GenuineIntel
cpu family	: 6
model		: 26
model name	: Intel(R) Xeon(R) CPU           W3570  @ 3.20GHz
stepping	: 5
microcode	: 0xf
cpu MHz		: 3201.000
cache size	: 8192 KB
physical id	: 0
siblings	: 8
core id		: 0
cpu cores	: 4
apicid		: 1
initial apicid	: 1
fpu		: yes
fpu_exception	: yes
cpuid level	: 11
wp		: yes
flags		: fpu vme de pse tsc msr pae mce cx8 apic sep mtrr pge mca cmov pat pse36 clflush dts acpi mmx fxsr sse sse2 ss ht tm pbe syscall nx rdtscp lm constant_tsc arch_perfmon pebs bts rep_good nopl xtopology nonstop_tsc aperfmperf pni dtes64 monitor ds_cpl vmx est tm2 ssse3 cx16 xtpr pdcm dca sse4_1 sse4_2 popcnt lahf_lm ida dtherm tpr_shadow vnmi flexpriority ept vpid
bogomips	: 6414.43
clflush size	: 64
cache_alignment	: 64
address sizes	: 36 bits physical, 48 bits virtual
power management:

processor	: 5
vendor_id	: GenuineIntel
cpu family	: 6
model		: 26
model name	: Intel(R) Xeon(R) CPU           W3570  @ 3.20GHz
stepping	: 5
microcode	: 0xf
cpu MHz		: 3201.000
cache size	: 8192 KB
physical id	: 0
siblings	: 8
core id		: 1
cpu cores	: 4
apicid		: 3
initial apicid	: 3
fpu		: yes
fpu_exception	: yes
cpuid level	: 11
wp		: yes
flags		: fpu vme de pse tsc msr pae mce cx8 apic sep mtrr pge mca cmov pat pse36 clflush dts acpi mmx fxsr sse sse2 ss ht tm pbe syscall nx rdtscp lm constant_tsc arch_perfmon pebs bts rep_good nopl xtopology nonstop_tsc aperfmperf pni dtes64 monitor ds_cpl vmx est tm2 ssse3 cx16 xtpr pdcm dca sse4_1 sse4_2 popcnt lahf_lm ida dtherm tpr_shadow vnmi flexpriority ept vpid
bogomips	: 6414.43
clflush size	: 64
cache_alignment	: 64
address sizes	: 36 bits physical, 48 bits virtual
power management:

processor	: 6
vendor_id	: GenuineIntel
cpu family	: 6
model		: 26
model name	: Intel(R) Xeon(R) CPU           W3570  @ 3.20GHz
stepping	: 5
microcode	: 0xf
cpu MHz		: 3201.000
cache size	: 8192 KB
physical id	: 0
siblings	: 8
core id		: 2
cpu cores	: 4
apicid		: 5
initial apicid	: 5
fpu		: yes
fpu_exception	: yes
cpuid level	: 11
wp		: yes
flags		: fpu vme de pse tsc msr pae mce cx8 apic sep mtrr pge mca cmov pat pse36 clflush dts acpi mmx fxsr sse sse2 ss ht tm pbe syscall nx rdtscp lm constant_tsc arch_perfmon pebs bts rep_good nopl xtopology nonstop_tsc aperfmperf pni dtes64 monitor ds_cpl vmx est tm2 ssse3 cx16 xtpr pdcm dca sse4_1 sse4_2 popcnt lahf_lm ida dtherm tpr_shadow vnmi flexpriority ept vpid
bogomips	: 6414.43
clflush size	: 64
cache_alignment	: 64
address sizes	: 36 bits physical, 48 bits virtual
power management:

processor	: 7
vendor_id	: GenuineIntel
cpu family	: 6
model		: 26
model name	: Intel(R) Xeon(R) CPU           W3570  @ 3.20GHz
stepping	: 5
microcode	: 0xf
cpu MHz		: 3201.000
cache size	: 8192 KB
physical id	: 0
siblings	: 8
core id		: 3
cpu cores	: 4
apicid		: 7
initial apicid	: 7
fpu		: yes
fpu_exception	: yes
cpuid level	: 11
wp		: yes
flags		: fpu vme de pse tsc msr pae mce cx8 apic sep mtrr pge mca cmov pat pse36 clflush dts acpi mmx fxsr sse sse2 ss ht tm pbe syscall nx rdtscp lm constant_tsc arch_perfmon pebs bts rep_good nopl xtopology nonstop_tsc aperfmperf pni dtes64 monitor ds_cpl vmx est tm2 ssse3 cx16 xtpr pdcm dca sse4_1 sse4_2 popcnt lahf_lm ida dtherm tpr_shadow vnmi flexpriority ept vpid
bogomips	: 6414.43
clflush size	: 64
cache_alignment	: 64
address sizes	: 36 bits physical, 48 bits virtual
power management:



Memory: 4k page, physical 12295604k(6527528k free), swap 501756k(501756k free)

vm_info: Java HotSpot(TM) 64-Bit Server VM (25.45-b02) for linux-amd64 JRE (1.8.0_45-b14), built on Apr 10 2015 10:07:45 by "java_re" with gcc 4.3.0 20080428 (Red Hat 4.3.0-8)

time: Fri May 15 09:52:47 2015
elapsed time: 6 seconds (0d 0h 0m 6s)

